c:\users\sun_h\source\repos\algorithm_study\algorithm_study\debug\vc141.pdb
c:\users\sun_h\source\repos\algorithm_study\algorithm_study\debug\vc141.idb
c:\users\sun_h\source\repos\algorithm_study\algorithm_study\debug\baek_14890(slope).obj
c:\users\sun_h\source\repos\algorithm_study\algorithm_study\debug\programmers_17684(compression).obj
c:\users\sun_h\source\repos\algorithm_study\algorithm_study\debug\baek_15685(dragon_curve).obj
c:\users\sun_h\source\repos\algorithm_study\algorithm_study\debug\baek_16235(tree_investment)_2.obj
c:\users\sun_h\source\repos\algorithm_study\algorithm_study\debug\baek_16234(movement_of_population)-2.obj
c:\users\sun_h\source\repos\algorithm_study\debug\algorithm_study.exe
c:\users\sun_h\source\repos\algorithm_study\debug\algorithm_study.ilk
c:\users\sun_h\source\repos\algorithm_study\debug\algorithm_study.pdb
c:\users\ahnus\documents\소스코드\c++\visual studio\2017\source\repos\algorithm_study\algorithm_study\debug\baek_14890(slope).obj
c:\users\ahnus\documents\소스코드\c++\visual studio\2017\source\repos\algorithm_study\algorithm_study\debug\baek_15685(dragon_curve).obj
c:\users\ahnus\documents\소스코드\c++\visual studio\2017\source\repos\algorithm_study\algorithm_study\debug\baek_16234(movement_of_population)-2.obj
c:\users\ahnus\documents\소스코드\c++\visual studio\2017\source\repos\algorithm_study\algorithm_study\debug\baek_16235(tree_investment)_2.obj
c:\users\ahnus\documents\소스코드\c++\visual studio\2017\source\repos\algorithm_study\algorithm_study\debug\baek_16236(baby_shark)_2.obj
c:\users\ahnus\documents\소스코드\c++\visual studio\2017\source\repos\algorithm_study\algorithm_study\debug\programmers_17684(compression).obj
c:\users\ahnus\documents\소스코드\c++\visual studio\2017\source\repos\algorithm_study\algorithm_study\debug\vc141.idb
c:\users\ahnus\documents\소스코드\c++\visual studio\2017\source\repos\algorithm_study\algorithm_study\debug\vc141.pdb
c:\users\ahnus\documents\소스코드\c++\visual studio\2017\source\repos\algorithm_study\debug\algorithm_study.pdb
c:\users\ahnus\documents\소스코드\c++\visual studio\2017\source\repos\algorithm_study\debug\algorithm_study.exe
c:\users\ahnus\documents\소스코드\c++\visual studio\2017\source\repos\algorithm_study\debug\algorithm_study.ilk
c:\users\ahnus\documents\소스코드\c++\visual studio\2017\source\repos\algorithm_study\algorithm_study\debug\algorithm_study.tlog\cl.command.1.tlog
c:\users\ahnus\documents\소스코드\c++\visual studio\2017\source\repos\algorithm_study\algorithm_study\debug\algorithm_study.tlog\cl.read.1.tlog
c:\users\ahnus\documents\소스코드\c++\visual studio\2017\source\repos\algorithm_study\algorithm_study\debug\algorithm_study.tlog\cl.write.1.tlog
c:\users\ahnus\documents\소스코드\c++\visual studio\2017\source\repos\algorithm_study\algorithm_study\debug\algorithm_study.tlog\link.command.1.tlog
c:\users\ahnus\documents\소스코드\c++\visual studio\2017\source\repos\algorithm_study\algorithm_study\debug\algorithm_study.tlog\link.read.1.tlog
c:\users\ahnus\documents\소스코드\c++\visual studio\2017\source\repos\algorithm_study\algorithm_study\debug\algorithm_study.tlog\link.write.1.tlog
